<?xml version="1.0" encoding="UTF-8"?>
<!-- Generated by org.testng.reporters.JUnitReportReporter -->
<testsuite hostname="IN-MH1DSW101410" name="testscripts.cap.CAPSearchCustDetailsScripts" tests="4" failures="0" timestamp="27 Nov 2018 08:35:59 GMT" time="91.191" errors="1">
  <testcase name="SearchCustDetailsTC17" time="19.211" classname="testscripts.cap.CAPSearchCustDetailsScripts"/>
  <testcase name="SearchCustDetailsTC15" time="8.813" classname="testscripts.cap.CAPSearchCustDetailsScripts"/>
  <testcase name="SearchCustDetailsTC16" time="12.428" classname="testscripts.cap.CAPSearchCustDetailsScripts"/>
  <testcase name="SearchCustDetailsTC14" time="50.739" classname="testscripts.cap.CAPSearchCustDetailsScripts">
    <error type="java.lang.Throwable" message="Steps Failed (1)
org.openqa.selenium.NoSuchElementException: Timed out after 20 seconds. Unable to locate the element">
      <![CDATA[java.lang.Throwable: Steps Failed (1)
org.openqa.selenium.NoSuchElementException: Timed out after 20 seconds. Unable to locate the element
	at reporting.ListenerClass.onTestFailure(ListenerClass.java:202)
	at org.testng.internal.Invoker.runTestListeners(Invoker.java:1686)
	at org.testng.internal.Invoker.runTestListeners(Invoker.java:1670)
	at org.testng.internal.Invoker.invokeMethod(Invoker.java:696)
	at org.testng.internal.Invoker.invokeTestMethod(Invoker.java:816)
	at org.testng.internal.Invoker.invokeTestMethods(Invoker.java:1124)
	at org.testng.internal.TestMethodWorker.invokeTestMethods(TestMethodWorker.java:125)
	at org.testng.internal.TestMethodWorker.run(TestMethodWorker.java:108)
	at org.testng.TestRunner.privateRun(TestRunner.java:774)
	at org.testng.TestRunner.run(TestRunner.java:624)
	at org.testng.SuiteRunner.runTest(SuiteRunner.java:359)
	at org.testng.SuiteRunner.runSequentially(SuiteRunner.java:354)
	at org.testng.SuiteRunner.privateRun(SuiteRunner.java:312)
	at org.testng.SuiteRunner.run(SuiteRunner.java:261)
	at org.testng.SuiteRunnerWorker.runSuite(SuiteRunnerWorker.java:52)
	at org.testng.SuiteRunnerWorker.run(SuiteRunnerWorker.java:86)
	at org.testng.TestNG.runSuitesSequentially(TestNG.java:1215)
	at org.testng.TestNG.runSuitesLocally(TestNG.java:1140)
	at org.testng.TestNG.run(TestNG.java:1048)
	at org.testng.remote.AbstractRemoteTestNG.run(AbstractRemoteTestNG.java:114)
	at org.testng.remote.RemoteTestNG.initAndRun(RemoteTestNG.java:251)
	at org.testng.remote.RemoteTestNG.main(RemoteTestNG.java:77)
]]>
    </error>
  </testcase> <!-- SearchCustDetailsTC14 -->
</testsuite> <!-- testscripts.cap.CAPSearchCustDetailsScripts -->
